0 silly argv {
0 silly argv   _: [ 'publish' ],
0 silly argv   composed: 'publish',
0 silly argv   lernaVersion: '7.0.2',
0 silly argv   '$0': '/Users/baraa/Devzone/wild-code/lexer-state/node_modules/.bin/lerna'
0 silly argv }
1 notice cli v7.0.2
2 verbose packageConfigs Explicit "packages" configuration found in lerna.json. Resolving packages using the configured glob(s): ["packages/machine"]
3 verbose rootPath /Users/baraa/Devzone/wild-code/lexer-state
4 verbose session 7870e0ec09ac03c2
5 verbose user-agent lerna/7.0.2/node@v20.2.0+arm64 (darwin)
6 warn Yarn's registry proxy is broken, replacing with public npm registry
7 warn If you don't have an npm token, you should exit and run `npm login`
8 silly argv { _: [ 'publish' ], composed: 'publish', lernaVersion: '7.0.2' }
9 verbose packageConfigs Explicit "packages" configuration found in lerna.json. Resolving packages using the configured glob(s): ["packages/machine"]
10 verbose rootPath /Users/baraa/Devzone/wild-code/lexer-state
11 info current version 1.0.0-alpha.3
12 silly isAnythingCommitted
13 verbose isAnythingCommitted 1
14 silly getCurrentBranch
15 verbose currentBranch master
16 silly remoteBranchExists
17 silly isBehindUpstream
18 silly isBehindUpstream master is behind origin/master by 0 commit(s) and ahead by 0
19 silly hasTags
20 verbose hasTags true
21 silly git-describe.sync "v1.0.1-4-g0878522" => {"lastTagName":"v1.0.1","lastVersion":"v1.0.1","refCount":"4","sha":"0878522","isDirty":false}
22 info Looking for changed packages since v1.0.1
23 silly checking diff packages/machine
24 silly found diff in packages/machine/package.json
25 verbose filtered diff [ 'packages/machine/package.json' ]
26 verbose updated @lexer-state/machine
27 verbose git-describe undefined => "v1.0.1-4-g0878522"
28 silly git-describe parsed => {"lastTagName":"v1.0.1","lastVersion":"v1.0.1","refCount":"4","sha":"0878522","isDirty":false}
29 info execute Skipping releases
30 silly lifecycle No script for "preversion" in "lexer-state", continuing
31 silly lifecycle No script for "preversion" in "@lexer-state/machine", continuing
32 verbose version @lexer-state/machine has no lockfile. Skipping lockfile update.
33 silly lifecycle No script for "version" in "@lexer-state/machine", continuing
34 verbose version Detected yarn version 1.22.19
35 silly lifecycle No script for "version" in "lexer-state", continuing
36 silly gitAdd [ 'packages/machine/package.json', 'lerna.json' ]
37 silly gitCommit v1.0.0-alpha.4
38 verbose git [ 'commit', '-m', 'v1.0.0-alpha.4' ]
39 silly gitTag v1.0.0-alpha.4 git tag %s -m %s
40 verbose git [ 'tag', 'v1.0.0-alpha.4', '-m', 'v1.0.0-alpha.4' ]
41 silly lifecycle No script for "postversion" in "@lexer-state/machine", continuing
42 silly lifecycle No script for "postversion" in "lexer-state", continuing
43 info git Pushing tags...
44 silly gitPush origin master
45 info publish Publishing packages to npm...
46 warn ENOLICENSE Package @lexer-state/machine is missing a license.
46 warn ENOLICENSE One way to fix this is to add a LICENSE.md file to the root of this repository.
46 warn ENOLICENSE See https://choosealicense.com for additional guidance.
47 silly getCurrentSHA
48 verbose getCurrentSHA 0811339e1d2e5f7994b8d9d432e5e98651555a4a
49 silly lifecycle No script for "prepublish" in "lexer-state", continuing
50 silly lifecycle No script for "prepare" in "lexer-state", continuing
51 silly lifecycle No script for "prepublishOnly" in "lexer-state", continuing
52 silly lifecycle No script for "prepack" in "lexer-state", continuing
53 verbose pack-directory packages/machine
54 silly lifecycle No script for "prepublish" in "@lexer-state/machine", continuing
55 silly lifecycle No script for "prepare" in "@lexer-state/machine", continuing
56 silly lifecycle No script for "prepublishOnly" in "@lexer-state/machine", continuing
57 silly lifecycle No script for "prepack" in "@lexer-state/machine", continuing
58 silly lifecycle No script for "postpack" in "@lexer-state/machine", continuing
59 verbose packed packages/machine
60 silly lifecycle No script for "postpack" in "lexer-state", continuing
61 verbose publish @lexer-state/machine
62 silly FetchError: request to https://registry.npmjs.org/@lexer-state%2fmachine failed, reason: Socket connection timeout
62 silly     at ClientRequest.<anonymous> (/Users/baraa/Devzone/wild-code/lexer-state/node_modules/minipass-fetch/lib/index.js:130:14)
62 silly     at ClientRequest.emit (node:events:511:28)
62 silly     at TLSSocket.socketErrorListener (node:_http_client:495:9)
62 silly     at TLSSocket.emit (node:events:523:35)
62 silly     at emitErrorNT (node:internal/streams/destroy:151:8)
62 silly     at emitErrorCloseNT (node:internal/streams/destroy:116:3)
62 silly     at process.processTicksAndRejections (node:internal/process/task_queues:82:21)
62 silly  FetchError: request to https://registry.npmjs.org/@lexer-state%2fmachine failed, reason: Socket connection timeout
62 silly     at ClientRequest.<anonymous> (/Users/baraa/Devzone/wild-code/lexer-state/node_modules/minipass-fetch/lib/index.js:130:14)
62 silly     at ClientRequest.emit (node:events:511:28)
62 silly     at TLSSocket.socketErrorListener (node:_http_client:495:9)
62 silly     at TLSSocket.emit (node:events:523:35)
62 silly     at emitErrorNT (node:internal/streams/destroy:151:8)
62 silly     at emitErrorCloseNT (node:internal/streams/destroy:116:3)
62 silly     at process.processTicksAndRejections (node:internal/process/task_queues:82:21) {
62 silly   code: 'ERR_SOCKET_CONNECTION_TIMEOUT',
62 silly   errno: 'ERR_SOCKET_CONNECTION_TIMEOUT',
62 silly   type: 'system'
62 silly }
63 warn notice Package failed to publish: @lexer-state/machine
64 error ERR_SOCKET_CONNECTION_TIMEOUT request to https://registry.npmjs.org/@lexer-state%2fmachine failed, reason: Socket connection timeout
65 error TypeError [ERR_INVALID_ARG_TYPE]: The "code" argument must be of type number. Received type string ('ERR_SOCKET_CONNECTION_TI...)
65 error     at process.set [as exitCode] (node:internal/bootstrap/node:124:9)
65 error     at /Users/baraa/Devzone/wild-code/lexer-state/node_modules/lerna/dist/index.js:9730:34
65 error     at process.processTicksAndRejections (node:internal/process/task_queues:95:5)
65 error     at async /Users/baraa/Devzone/wild-code/lexer-state/node_modules/p-pipe/index.js:12:19
